# JRE version: Java(TM) SE Runtime Environment (8.0_181-b13) (build 1.8.0_181-b13)
# Java VM: Java HotSpot(TM) 64-Bit Server VM (25.181-b13 mixed mode bsd-amd64 compressed oops)
Heap:
 PSYoungGen      total 38400K, used 12841K [0x0000000795580000, 0x000000079a080000, 0x00000007c0000000)
  eden space 33280K, 38% used [0x0000000795580000,0x000000079620a560,0x0000000797600000)
  from space 5120K, 0% used [0x0000000799b80000,0x0000000799b80000,0x000000079a080000)
  to   space 5120K, 0% used [0x0000000797600000,0x0000000797600000,0x0000000797b00000)
 ParOldGen       total 63488K, used 8131K [0x0000000740000000, 0x0000000743e00000, 0x0000000795580000)
  object space 63488K, 12% used [0x0000000740000000,0x00000007407f0cb8,0x0000000743e00000)
 Metaspace       used 21875K, capacity 22830K, committed 23040K, reserved 1069056K
  class space    used 3015K, capacity 3271K, committed 3328K, reserved 1048576K
GC Heap History (6 events):
Event: 0.900 GC heap before
{Heap before GC invocations=1 (full 0):
 PSYoungGen      total 38400K, used 33280K [0x0000000795580000, 0x0000000798000000, 0x00000007c0000000)
  eden space 33280K, 100% used [0x0000000795580000,0x0000000797600000,0x0000000797600000)
  from space 5120K, 0% used [0x0000000797b00000,0x0000000797b00000,0x0000000798000000)
  to   space 5120K, 0% used [0x0000000797600000,0x0000000797600000,0x0000000797b00000)
 ParOldGen       total 87552K, used 0K [0x0000000740000000, 0x0000000745580000, 0x0000000795580000)
  object space 87552K, 0% used [0x0000000740000000,0x0000000740000000,0x0000000745580000)
 Metaspace       used 13724K, capacity 14168K, committed 14208K, reserved 1060864K
  class space    used 1771K, capacity 1910K, committed 1920K, reserved 1048576K
Event: 0.912 GC heap after
Heap after GC invocations=1 (full 0):
 PSYoungGen      total 38400K, used 5117K [0x0000000795580000, 0x000000079a080000, 0x00000007c0000000)
  eden space 33280K, 0% used [0x0000000795580000,0x0000000795580000,0x0000000797600000)
  from space 5120K, 99% used [0x0000000797600000,0x0000000797aff520,0x0000000797b00000)
  to   space 5120K, 0% used [0x0000000799b80000,0x0000000799b80000,0x000000079a080000)
 ParOldGen       total 87552K, used 2399K [0x0000000740000000, 0x0000000745580000, 0x0000000795580000)
  object space 87552K, 2% used [0x0000000740000000,0x0000000740257dd8,0x0000000745580000)
 Metaspace       used 13724K, capacity 14168K, committed 14208K, reserved 1060864K
  class space    used 1771K, capacity 1910K, committed 1920K, reserved 1048576K
}
Event: 3.090 GC heap before
{Heap before GC invocations=2 (full 0):
 PSYoungGen      total 38400K, used 35843K [0x0000000795580000, 0x000000079a080000, 0x00000007c0000000)
  eden space 33280K, 92% used [0x0000000795580000,0x0000000797381760,0x0000000797600000)
  from space 5120K, 99% used [0x0000000797600000,0x0000000797aff520,0x0000000797b00000)
  to   space 5120K, 0% used [0x0000000799b80000,0x0000000799b80000,0x000000079a080000)
 ParOldGen       total 87552K, used 2399K [0x0000000740000000, 0x0000000745580000, 0x0000000795580000)
  object space 87552K, 2% used [0x0000000740000000,0x0000000740257dd8,0x0000000745580000)
 Metaspace       used 20337K, capacity 21226K, committed 21296K, reserved 1067008K
  class space    used 2710K, capacity 2933K, committed 2944K, reserved 1048576K
Event: 3.099 GC heap after
Heap after GC invocations=2 (full 0):
 PSYoungGen      total 38400K, used 5089K [0x0000000795580000, 0x000000079a080000, 0x00000007c0000000)
  eden space 33280K, 0% used [0x0000000795580000,0x0000000795580000,0x0000000797600000)
  from space 5120K, 99% used [0x0000000799b80000,0x000000079a078780,0x000000079a080000)
  to   space 5120K, 0% used [0x0000000797600000,0x0000000797600000,0x0000000797b00000)
 ParOldGen       total 87552K, used 5668K [0x0000000740000000, 0x0000000745580000, 0x0000000795580000)
  object space 87552K, 6% used [0x0000000740000000,0x00000007405893e0,0x0000000745580000)
 Metaspace       used 20337K, capacity 21226K, committed 21296K, reserved 1067008K
  class space    used 2710K, capacity 2933K, committed 2944K, reserved 1048576K
}
Event: 3.099 GC heap before
{Heap before GC invocations=3 (full 1):
 PSYoungGen      total 38400K, used 5089K [0x0000000795580000, 0x000000079a080000, 0x00000007c0000000)
  eden space 33280K, 0% used [0x0000000795580000,0x0000000795580000,0x0000000797600000)
  from space 5120K, 99% used [0x0000000799b80000,0x000000079a078780,0x000000079a080000)
  to   space 5120K, 0% used [0x0000000797600000,0x0000000797600000,0x0000000797b00000)
 ParOldGen       total 87552K, used 5668K [0x0000000740000000, 0x0000000745580000, 0x0000000795580000)
  object space 87552K, 6% used [0x0000000740000000,0x00000007405893e0,0x0000000745580000)
 Metaspace       used 20337K, capacity 21226K, committed 21296K, reserved 1067008K
  class space    used 2710K, capacity 2933K, committed 2944K, reserved 1048576K
Event: 3.133 GC heap after
Heap after GC invocations=3 (full 1):
 PSYoungGen      total 38400K, used 0K [0x0000000795580000, 0x000000079a080000, 0x00000007c0000000)
  eden space 33280K, 0% used [0x0000000795580000,0x0000000795580000,0x0000000797600000)
  from space 5120K, 0% used [0x0000000799b80000,0x0000000799b80000,0x000000079a080000)
  to   space 5120K, 0% used [0x0000000797600000,0x0000000797600000,0x0000000797b00000)
 ParOldGen       total 63488K, used 8131K [0x0000000740000000, 0x0000000743e00000, 0x0000000795580000)
  object space 63488K, 12% used [0x0000000740000000,0x00000007407f0cb8,0x0000000743e00000)
 Metaspace       used 20331K, capacity 21210K, committed 21296K, reserved 1067008K
  class space    used 2707K, capacity 2929K, committed 2944K, reserved 1048576K
}

